<?xml version="1.0" encoding="UTF-8" ?>
<testsuite tests="1" failures="0" name="com.tly.spring.SpringIocTest" time="0.267" errors="0" skipped="0">
  <properties>
    <property name="idea.version" value="2021.3.2"/>
    <property name="java.runtime.name" value="Java(TM) SE Runtime Environment"/>
    <property name="java.vm.version" value="17.0.4.1+1-LTS-2"/>
    <property name="sun.boot.library.path" value="D:\APP\jdk-17.0.4.1\jdk-17\bin"/>
    <property name="maven.multiModuleProjectDirectory" value="D:\Code\mybatis\mybatiscode\mybatis-resultMap\spring-IOC-xml"/>
    <property name="java.vm.vendor" value="Oracle Corporation"/>
    <property name="java.vendor.url" value="https://java.oracle.com/"/>
    <property name="guice.disable.misplaced.annotation.check" value="true"/>
    <property name="path.separator" value=";"/>
    <property name="java.vm.name" value="Java HotSpot(TM) 64-Bit Server VM"/>
    <property name="sun.os.patch.level" value=""/>
    <property name="user.script" value=""/>
    <property name="user.country" value="CN"/>
    <property name="sun.java.launcher" value="SUN_STANDARD"/>
    <property name="java.vm.specification.name" value="Java Virtual Machine Specification"/>
    <property name="user.dir" value="D:\Code\mybatis\mybatiscode\mybatis-resultMap\spring-IOC-xml"/>
    <property name="java.vm.compressedOopsMode" value="Zero based"/>
    <property name="java.runtime.version" value="17.0.4.1+1-LTS-2"/>
    <property name="os.arch" value="amd64"/>
    <property name="java.io.tmpdir" value="C:\Users\tanliuyu\AppData\Local\Temp\"/>
    <property name="line.separator" value="
"/>
    <property name="java.vm.specification.vendor" value="Oracle Corporation"/>
    <property name="user.variant" value=""/>
    <property name="os.name" value="Windows 11"/>
    <property name="maven.ext.class.path" value="D:\APP\IDEA\IntelliJ IDEA 2021.3.2\plugins\maven\lib\maven-event-listener.jar"/>
    <property name="archetypeCatalog" value="internal"/>
    <property name="classworlds.conf" value="D:\Code\mybatis\apache-maven-3.6.3\bin\m2.conf"/>
    <property name="sun.jnu.encoding" value="GBK"/>
    <property name="java.library.path" value="D:\APP\jdk-17.0.4.1\jdk-17\bin;C:\Windows\Sun\Java\bin;C:\Windows\system32;C:\Windows;C:\Program Files (x86)\VMware\VMware Workstation\bin\;C:\Program Files\Python310\Scripts\;C:\Program Files\Python310\;C:\Program Files (x86)\Common Files\Oracle\Java\javapath;C:\Windows\system32;C:\Windows;C:\Windows\System32\Wbem;C:\Windows\System32\WindowsPowerShell\v1.0\;C:\Windows\System32\OpenSSH\;C:\Program Files (x86)\NVIDIA Corporation\PhysX\Common;C:\Program Files\NVIDIA Corporation\NVIDIA NvDLISR;C:\Program Files\Bandizip\;D:\APP\JDK\bin;D:\APP\apache-tomcat-9.0.62\bin;D:\APP\mysql\mysql-8.0.25-winx64\bin;D:\APP\apache-jmeter-5.1.1\lib;D:\APP\mysql-8.0.28-winx64\mysql-8.0.28-winx64\bin;D:\APP\Git\cmd;D:\APP\node.js\node_modules;D:\APP\node.js\;D:\APP\node.js\node_modules;D:\APP\微信web开发者工具\dll;D:\Code\mybatis\apache-maven-3.6.3\bin;D:\APP\canaconda;D:\APP\canaconda\Library\mingw-w64\bin;D:\APP\canaconda\Library\usr\bin;D:\APP\canaconda\Library\bin;D:\APP\canaconda\Scripts;C:\Users\tanliuyu\AppData\Local\Microsoft\WindowsApps;D:\APP\IDEA\IntelliJ IDEA 2021.3.2\bin;;D:\APP\pycharm\PyCharm 2021.3.1\bin;;D:\APP\VScode\Microsoft VS Code\bin;D:\APP\node.js\node_global;D:\APP\WebStorm 2022.1.3\bin;;."/>
    <property name="maven.conf" value="D:\Code\mybatis\apache-maven-3.6.3/conf"/>
    <property name="jdk.debug" value="release"/>
    <property name="java.class.version" value="61.0"/>
    <property name="java.specification.name" value="Java Platform API Specification"/>
    <property name="sun.management.compiler" value="HotSpot 64-Bit Tiered Compilers"/>
    <property name="maven.repo.local" value="D:\Code\mybatis\maven-repository"/>
    <property name="os.version" value="10.0"/>
    <property name="user.home" value="C:\Users\tanliuyu"/>
    <property name="user.timezone" value="Asia/Shanghai"/>
    <property name="file.encoding" value="UTF-8"/>
    <property name="java.specification.version" value="17"/>
    <property name="user.name" value="tanliuyu"/>
    <property name="java.class.path" value="D:\Code\mybatis\apache-maven-3.6.3\boot\plexus-classworlds-2.6.0.jar;D:\Code\mybatis\apache-maven-3.6.3\boot\plexus-classworlds.license"/>
    <property name="java.vm.specification.version" value="17"/>
    <property name="sun.arch.data.model" value="64"/>
    <property name="sun.java.command" value="org.codehaus.classworlds.Launcher -Didea.version=2021.3.2 -s D:\Code\mybatis\apache-maven-3.6.3\conf\settings.xml -Dmaven.repo.local=D:\Code\mybatis\maven-repository install"/>
    <property name="java.home" value="D:\APP\jdk-17.0.4.1\jdk-17"/>
    <property name="user.language" value="zh"/>
    <property name="java.specification.vendor" value="Oracle Corporation"/>
    <property name="java.vm.info" value="mixed mode, sharing"/>
    <property name="java.version" value="17.0.4.1"/>
    <property name="native.encoding" value="GBK"/>
    <property name="java.vendor" value="Oracle Corporation"/>
    <property name="maven.home" value="D:\Code\mybatis\apache-maven-3.6.3"/>
    <property name="file.separator" value="\"/>
    <property name="java.version.date" value="2022-08-18"/>
    <property name="java.vendor.url.bug" value="https://bugreport.java.com/bugreport/"/>
    <property name="sun.io.unicode.encoding" value="UnicodeLittle"/>
    <property name="sun.cpu.endian" value="little"/>
    <property name="sun.cpu.isalist" value="amd64"/>
  </properties>
  <testcase classname="com.tly.spring.SpringIocTest" name="SpringIOCXml" time="0.267"/>
</testsuite>